<?xml version="1.0" encoding="UTF-8"?>
<!-- Generated by org.testng.reporters.JUnitReportReporter -->
<testsuite skipped="0" hostname="Nishant-PC" name="testcases.LoginTest" tests="4" failures="0" timestamp="2022-03-12T12:55:54 IST" time="44.309" errors="0">
  <testcase name="LoginFailureTest" time="11.068" classname="testcases.LoginTest"/>
  <system-out/>
  <testcase name="ExternalDataTest" time="11.317" classname="testcases.LoginTest"/>
  <system-out/>
  <testcase name="ParameterizedTest" time="10.820" classname="testcases.LoginTest"/>
  <system-out/>
  <testcase name="LoginSuccessTest" time="11.104" classname="testcases.LoginTest"/>
  <system-out/>
</testsuite> <!-- testcases.LoginTest -->
