<?xml version="1.0" encoding="UTF-8"?>
<!-- Generated by org.testng.reporters.JUnitReportReporter -->
<testsuite skipped="0" hostname="Nishant-PC" name="testcases.LoginTest" tests="4" failures="0" timestamp="2022-03-19T10:27:36 IST" time="40.319" errors="0">
  <testcase name="LoginFailureTest" time="10.462" classname="testcases.LoginTest"/>
  <system-out/>
  <testcase name="LoginSuccessTest" time="9.989" classname="testcases.LoginTest"/>
  <system-out/>
  <testcase name="ParameterizedTest" time="9.181" classname="testcases.LoginTest"/>
  <system-out/>
  <testcase name="ExternalDataTest" time="10.687" classname="testcases.LoginTest"/>
  <system-out/>
</testsuite> <!-- testcases.LoginTest -->
