<?xml version="1.0" encoding="UTF-8"?>
<!-- Generated by org.testng.reporters.JUnitReportReporter -->
<testsuite skipped="0" hostname="Nishant-PC" name="testcases.LoginTest" tests="4" failures="0" timestamp="2022-03-19T09:40:26 IST" time="41.528" errors="0">
  <testcase name="LoginSuccessTest" time="10.055" classname="testcases.LoginTest"/>
  <system-out/>
  <testcase name="ParameterizedTest" time="8.593" classname="testcases.LoginTest"/>
  <system-out/>
  <testcase name="ExternalDataTest" time="12.284" classname="testcases.LoginTest"/>
  <system-out/>
  <testcase name="LoginFailureTest" time="10.596" classname="testcases.LoginTest"/>
  <system-out/>
</testsuite> <!-- testcases.LoginTest -->
